<?xml version="1.0" encoding="UTF-8"?>
<!-- Generated by org.testng.reporters.JUnitXMLReporter -->
<testsuite ignored="5" hostname="SasikiranKakara" failures="0" tests="1" name="Default test" time="4.308" errors="0" timestamp="2026-01-17T17:21:20 IST">
  <testcase classname="org.rest_assured_getting_started.ExampleOne" name="requestSpecification" time="3.75"/>
  <testcase classname="org.rest_assured_getting_started.ExampleOne" name="headers" time="0.0">
    <ignored/>
  </testcase> <!-- headers -->
  <testcase classname="org.rest_assured_getting_started.ExampleOne" name="Extract_Response" time="0.0">
    <ignored/>
  </testcase> <!-- Extract_Response -->
  <testcase classname="org.rest_assured_getting_started.ExampleOne" name="Assert_Response_Body" time="0.0">
    <ignored/>
  </testcase> <!-- Assert_Response_Body -->
  <testcase classname="org.rest_assured_getting_started.ExampleOne" name="hamcrestValidations" time="0.0">
    <ignored/>
  </testcase> <!-- hamcrestValidations -->
  <testcase classname="org.rest_assured_getting_started.ExampleOne" name="Automate_GET_Request_Assert_Status_Code" time="0.0">
    <ignored/>
  </testcase> <!-- Automate_GET_Request_Assert_Status_Code -->
</testsuite> <!-- Default test -->
