<?xml version="1.0" encoding="UTF-8"?>
<testng-results ignored="3" total="4" passed="1" failed="0" skipped="0">
  <reporter-output>
  </reporter-output>
  <suite started-at="2026-01-17T11:34:11 IST" name="Default suite" finished-at="2026-01-17T11:34:15 IST" duration-ms="4345">
    <groups>
    </groups>
    <test started-at="2026-01-17T11:34:11 IST" name="Default test" finished-at="2026-01-17T11:34:15 IST" duration-ms="4345">
      <class name="org.rest_assured_getting_started.ExampleOne">
        <test-method signature="hamcrestValidations()[pri:0, instance:org.rest_assured_getting_started.ExampleOne@67a20f67]" started-at="2026-01-17T11:34:11 IST" name="hamcrestValidations" finished-at="2026-01-17T11:34:15 IST" duration-ms="4297" status="PASS">
          <reporter-output>
          </reporter-output>
        </test-method> <!-- hamcrestValidations -->
      </class> <!-- org.rest_assured_getting_started.ExampleOne -->
    </test> <!-- Default test -->
  </suite> <!-- Default suite -->
</testng-results>
