<?xml version="1.0" encoding="UTF-8"?>
<!-- Generated by org.testng.reporters.JUnitReportReporter -->
<testsuite hostname="SasikiranKakara" failures="0" tests="2" name="org.rest_assured_getting_started.ExampleOne" time="3.239" errors="0" timestamp="2026-01-16T21:11:57 IST" skipped="0">
  <testcase classname="org.rest_assured_getting_started.ExampleOne" name="Automate_GET_Request_Assert_Status_Code" time="0.469"/>
  <testcase classname="org.rest_assured_getting_started.ExampleOne" name="Assert_Response_Body" time="2.770"/>
</testsuite> <!-- org.rest_assured_getting_started.ExampleOne -->
